<?xml version="1.0" encoding="UTF-8"?>
<testng-results ignored="0" total="1" passed="1" failed="0" skipped="0">
  <reporter-output>
  </reporter-output>
  <suite started-at="2022-11-06T19:24:38 IST" name="Default suite" finished-at="2022-11-06T19:24:45 IST" duration-ms="7375">
    <groups>
    </groups>
    <test started-at="2022-11-06T19:24:38 IST" name="Default test" finished-at="2022-11-06T19:24:45 IST" duration-ms="7375">
      <class name="Multibrower_testinig.Pavan">
        <test-method signature="Tc1()[pri:0, instance:Multibrower_testinig.Pavan@51e69659]" started-at="2022-11-06T19:24:38 IST" name="Tc1" finished-at="2022-11-06T19:24:45 IST" duration-ms="7336" status="PASS">
          <reporter-output>
          </reporter-output>
        </test-method> <!-- Tc1 -->
      </class> <!-- Multibrower_testinig.Pavan -->
    </test> <!-- Default test -->
  </suite> <!-- Default suite -->
</testng-results>
